Array
(
    [order_id] => 123
    [costumer] => João Gabriel
    [email] => qualquercoisa@gmail.com
    [total_amount] => 100
)
Array
(
    [order_id] => 123
    [costumer] => João Gabriel
    [email] => qualquercoisa@gmail.com
    [total_amount] => 100
)
Array
(
    [order_id] => 123
    [costumer] => João Gabriel
    [email] => qualquercoisa@gmail.com
    [total_amount] => 100
)
Array
(
    [order_id] => 123
    [costumer] => João Gabriel
    [email] => qualquercoisa@gmail.com
    [total_amount] => 100
)
Array
(
    [order_id] => 123
    [costumer] => João Gabriel
    [email] => qualquercoisa@gmail.com
    [total_amount] => 100
)
Array
(
    [order_id] => 123
    [costumer] => João Gabriel
    [email] => qualquercoisa@gmail.com
    [total_amount] => 100
)
Array
(
    [order_id] => 123
    [costumer] => João Gabriel
    [email] => qualquercoisa@gmail.com
    [total_amount] => 100
)
Array
(
    [order_id] => 123
    [costumer] => João Gabriel
    [email] => qualquercoisa@gmail.com
    [total_amount] => 100
)
Array
(
    [order_id] => 123
    [costumer] => João Gabriel
    [email] => qualquercoisa@gmail.com
    [total_amount] => 100
)
Array
(
    [order_id] => 123
    [costumer] => João Gabriel
    [email] => qualquercoisa@gmail.com
    [total_amount] => 100
)
Array
(
    [order_id] => 123
    [costumer] => João Gabriel
    [email] => qualquercoisa@gmail.com
    [total_amount] => 100
)
Array
(
    [order_id] => 123
    [costumer] => João Gabriel
    [email] => qualquercoisa@gmail.com
    [total_amount] => 100
)
Array
(
    [order_id] => 123
    [costumer] => João Gabriel
    [email] => qualquercoisa@gmail.com
    [total_amount] => 100
)
Array
(
    [order_id] => 123
    [costumer] => João Gabriel
    [email] => qualquercoisa@gmail.com
    [total_amount] => 100
)
